<?xml version="1.0" encoding="UTF-8"?>
<!-- Generated by org.testng.reporters.JUnitReportReporter -->
<testsuite skipped="0" hostname="BLRLRND0442" name="com.template.template.TC02_ItemsList_Validate_Movies_list_view" tests="3" failures="0" timestamp="2021-06-24T22:22:58 IST" time="3.645" errors="0">
  <testcase name="selectMoviesFromTheList" time="2.927" classname="com.template.template.TC02_ItemsList_Validate_Movies_list_view"/>
  <system-out/>
  <testcase name="validatedMovieFormLoaded" time="0.196" classname="com.template.template.TC02_ItemsList_Validate_Movies_list_view"/>
  <system-out/>
  <testcase name="validateFeatureItemList" time="0.522" classname="com.template.template.TC02_ItemsList_Validate_Movies_list_view"/>
  <system-out/>
</testsuite> <!-- com.template.template.TC02_ItemsList_Validate_Movies_list_view -->
